0 info it worked if it ends with ok
1 verbose cli [ 'C:\\Program Files\\nodejs\\node.exe',
1 verbose cli   'C:\\Program Files\\nodejs\\node_modules\\npm\\bin\\npm-cli.js',
1 verbose cli   'publish' ]
2 info using npm@2.15.5
3 info using node@v4.4.5
4 verbose publish [ '.' ]
5 silly cache add args [ '.', null ]
6 verbose cache add spec .
7 silly cache add parsed spec Result {
7 silly cache add   raw: '.',
7 silly cache add   scope: null,
7 silly cache add   name: null,
7 silly cache add   rawSpec: '.',
7 silly cache add   spec: 'G:\\temp\\Test\\TCP\\node_modules\\koa-qx-router',
7 silly cache add   type: 'directory' }
8 verbose addLocalDirectory C:\Users\xzj15\AppData\Roaming\npm-cache\koa-qx-router\0.2.1\package.tgz not in flight; packing
9 verbose correctMkdir C:\Users\xzj15\AppData\Roaming\npm-cache correctMkdir not in flight; initializing
10 verbose tar pack [ 'C:\\Users\\xzj15\\AppData\\Roaming\\npm-cache\\koa-qx-router\\0.2.1\\package.tgz',
10 verbose tar pack   'G:\\temp\\Test\\TCP\\node_modules\\koa-qx-router' ]
11 verbose tarball C:\Users\xzj15\AppData\Roaming\npm-cache\koa-qx-router\0.2.1\package.tgz
12 verbose folder G:\temp\Test\TCP\node_modules\koa-qx-router
13 info prepublish koa-qx-router@0.2.1
14 verbose addLocalTarball adding from inside cache C:\Users\xzj15\AppData\Roaming\npm-cache\koa-qx-router\0.2.1\package.tgz
15 verbose correctMkdir C:\Users\xzj15\AppData\Roaming\npm-cache correctMkdir not in flight; initializing
16 silly cache afterAdd koa-qx-router@0.2.1
17 verbose afterAdd C:\Users\xzj15\AppData\Roaming\npm-cache\koa-qx-router\0.2.1\package\package.json not in flight; writing
18 verbose correctMkdir C:\Users\xzj15\AppData\Roaming\npm-cache correctMkdir not in flight; initializing
19 verbose afterAdd C:\Users\xzj15\AppData\Roaming\npm-cache\koa-qx-router\0.2.1\package\package.json written
20 silly publish { name: 'koa-qx-router',
20 silly publish   version: '0.2.1',
20 silly publish   main: 'index.js',
20 silly publish   scripts: { test: 'echo "Error: no test specified" && exit 1' },
20 silly publish   author: { name: 'xuezi' },
20 silly publish   license: 'ISC',
20 silly publish   dependencies: { 'koa-basic-auth': '^1.1.2', 'basic-auth': '^1.0.4' },
20 silly publish   devDependencies: {},
20 silly publish   repository:
20 silly publish    { type: 'git',
20 silly publish      url: 'git+https://github.com/xuezier/koa-qx-router.git' },
20 silly publish   bugs: { url: 'https://github.com/xuezier/koa-qx-router/issues' },
20 silly publish   homepage: 'https://github.com/xuezier/koa-qx-router#readme',
20 silly publish   description: '配合koa@v2使用的路由注册系统,Now , you can use the service !!!! please see the readme.md',
20 silly publish   readme: '# koa-qx-router\r\n配合koa@v2使用的路由注册系统,Now , you can use the service !!!! please see the readme.md\r\n\r\n                         _oo0oo_\r\n                        088888880\r\n                        88" . "88\r\n                        (| -_- |)\r\n                         0\\ = /0\r\n                      ___/\'---\'\\___\r\n                    .\' \\\\|     |// \'.\r\n                   / \\\\|||  :  |||// \\\r\n                  /_ ||||| -:- |||||- \\\r\n                 |   | \\\\\\  -  /// |   |\r\n                 | \\_|  \'\'\\---/\'\'  |_/ |\r\n                 \\  .-\\__  \'-\'  __/-.  /\r\n               ___\'. .\'  /--.--\\  \'. .\'___\r\n            ."" \'<  \'.___\\_<|>_/___.\' >\'  "".\r\n           | | : \'-  \\\'.;\'\\ _ /\';.\'/ - \' : | |\r\n           \\  \\ \'_.   \\_ __\\ /__ _/   .-\' /  /\r\n       =====\'-.____\'.___ \\_____/___.-\'____.-\'=====\r\n                         \'=---=\'\r\n\r\n     ^^^^^^^^^^^^^^^^^^^^^^^^^^^^^^^^^^^^^^^^^^^^^^^^\r\n               佛祖保佑    : :    永无BUG\r\n\r\n\r\n## Installation (via npm)\r\nnpm install koa-qx-router\r\n\r\n## Usage\r\n### On Main Server\r\n````javascript\r\nconst qx = require("koa-qx-router");\r\nconst qxServer = =new qx.server();\r\n\r\nqxServer.listen(port, hostname, cb);\r\n````\r\n### On Client Server\r\n````javascript\r\nconst koa = require("koa");\r\nconst app = new koa();\r\n\r\nconst qx = require("koa-qx-router");\r\nconst qxClient = new qx.client({\r\n    port: port,             // 主路由的端口,default 1333\r\n    hostname: hostname,     // 主路由的hostname,default 127.0.0.1\r\n    auth:{\r\n        name: auth_name,    // 注册主路由时的auth,作为验证,需要在主路由中先配置此项\r\n        pass: auth_pass\r\n    }\r\n});\r\n\r\nconst router = require("koa-router")();\r\nrouter.all("/", function* (){\r\n    this.body = "ok";\r\n});\r\n\r\napp.use(router.routes());\r\napp.use(router.allowedMethods());\r\n\r\napp.listen(clientPort, qxClient.registerServer(app));\r\n````\r\n\r\n#### Origin Cros\r\n````javascript\r\napp.use(qxClient.cros(options));\r\n````\r\n##### Options\r\nConfigures the Access-Control-Allow-Origin CORS header.\r\nOptions is a json.\r\n\r\n    origin          Array, default [*], set `Access-Control-Allow-Origin`\r\n    credentials     Boolean, default false, set `Access-Control-Allow-Credentials`\r\n    allowMethods    String, default \'GET,HEAD,PUT,POST,DELETE\', set `Access-Control-Allow-Methods`\r\n\r\n\r\n#### Auth\r\n````javascript\r\napp.use(qxClient.auth({\r\n    name: name,\r\n    pass: pass\r\n}));\r\n````\r\nif dont set name and pass, qxClient will auto generate a name and pass.\r\n\r\n## Support\r\nuse the module must start least 2 service processes. 1 for Main service, others for client service processes.\r\n\r\nMain service process is open to the outside world.\r\n\r\nClient service processes is closed, not open to the outside world. \r\n\r\nUsers only through the main service process to access client service processes.\r\n',
20 silly publish   readmeFilename: 'readme.md',
20 silly publish   gitHead: '1318ecfa69a0b6ba602d317fe20bcb6904ad9dd7',
20 silly publish   _id: 'koa-qx-router@0.2.1',
20 silly publish   _shasum: '554af8730be98144653fa54c45e3ae798619bcf3',
20 silly publish   _from: '.' }
21 verbose getPublishConfig undefined
22 silly mapToRegistry name koa-qx-router
23 silly mapToRegistry using default registry
24 silly mapToRegistry registry https://registry.npmjs.org/
25 silly mapToRegistry data Result {
25 silly mapToRegistry   raw: 'koa-qx-router',
25 silly mapToRegistry   scope: null,
25 silly mapToRegistry   name: 'koa-qx-router',
25 silly mapToRegistry   rawSpec: '',
25 silly mapToRegistry   spec: 'latest',
25 silly mapToRegistry   type: 'tag' }
26 silly mapToRegistry uri https://registry.npmjs.org/koa-qx-router
27 verbose publish registryBase https://registry.npmjs.org/
28 silly publish uploading C:\Users\xzj15\AppData\Roaming\npm-cache\koa-qx-router\0.2.1\package.tgz
29 verbose request uri https://registry.npmjs.org/koa-qx-router
30 verbose request sending authorization for write operation
31 info attempt registry request try #1 at 15:24:13
32 verbose request using bearer token for auth
33 verbose request id 101c4c4bf1f30753
34 http request PUT https://registry.npmjs.org/koa-qx-router
35 http 403 https://registry.npmjs.org/koa-qx-router
36 verbose headers { 'content-type': 'application/json',
36 verbose headers   'cache-control': 'max-age=300',
36 verbose headers   'content-length': '95',
36 verbose headers   'accept-ranges': 'bytes',
36 verbose headers   date: 'Thu, 23 Jun 2016 07:24:19 GMT',
36 verbose headers   via: '1.1 varnish',
36 verbose headers   connection: 'keep-alive',
36 verbose headers   'x-served-by': 'cache-lhr6345-LHR',
36 verbose headers   'x-cache': 'MISS',
36 verbose headers   'x-cache-hits': '0',
36 verbose headers   'x-timer': 'S1466666658.356464,VS0,VE1200',
36 verbose headers   vary: 'Accept-Encoding' }
37 verbose request invalidating C:\Users\xzj15\AppData\Roaming\npm-cache\registry.npmjs.org\koa-qx-router on PUT
38 error publish Failed PUT 403
39 verbose stack Error: "You cannot publish over the previously published version 0.2.1." : koa-qx-router
39 verbose stack     at makeError (C:\Program Files\nodejs\node_modules\npm\node_modules\npm-registry-client\lib\request.js:264:12)
39 verbose stack     at CachingRegistryClient.<anonymous> (C:\Program Files\nodejs\node_modules\npm\node_modules\npm-registry-client\lib\request.js:252:14)
39 verbose stack     at Request._callback (C:\Program Files\nodejs\node_modules\npm\node_modules\npm-registry-client\lib\request.js:172:14)
39 verbose stack     at Request.self.callback (C:\Program Files\nodejs\node_modules\npm\node_modules\request\request.js:200:22)
39 verbose stack     at emitTwo (events.js:87:13)
39 verbose stack     at Request.emit (events.js:172:7)
39 verbose stack     at Request.<anonymous> (C:\Program Files\nodejs\node_modules\npm\node_modules\request\request.js:1067:10)
39 verbose stack     at emitOne (events.js:82:20)
39 verbose stack     at Request.emit (events.js:169:7)
39 verbose stack     at IncomingMessage.<anonymous> (C:\Program Files\nodejs\node_modules\npm\node_modules\request\request.js:988:12)
40 verbose statusCode 403
41 verbose pkgid koa-qx-router
42 verbose cwd G:\temp\Test\TCP\node_modules\koa-qx-router
43 error Windows_NT 10.0.10586
44 error argv "C:\\Program Files\\nodejs\\node.exe" "C:\\Program Files\\nodejs\\node_modules\\npm\\bin\\npm-cli.js" "publish"
45 error node v4.4.5
46 error npm  v2.15.5
47 error code E403
48 error "You cannot publish over the previously published version 0.2.1." : koa-qx-router
49 error If you need help, you may report this error at:
49 error     <https://github.com/npm/npm/issues>
50 verbose exit [ 1, true ]
